Added Component: Designator=C1(RAD-0.3)
Added Component: Designator=C2(RAD-0.3)
Added Component: Designator=C3(RAD-0.3)
Added Component: Designator=D1(DO-41)
Added Component: Designator=D7(DO-41)
Added Component: Designator=F1(Fuse-1210)
Added Component: Designator=FRDM?(FRDM-K20D50M-SINGLE)
Added Component: Designator=H1(HDR1X8)
Added Component: Designator=H2(HDR1X8)
Added Component: Designator=H3(HDR1X8)
Added Component: Designator=P1(HDR1X2)
Added Component: Designator=Q1(TO-220)
Added Component: Designator=Q2(TO-220)
Added Component: Designator=Q3(TO-92)
Added Component: Designator=Q4(TO-92)
Added Component: Designator=Q5(TO-251AA)
Added Component: Designator=Q6(TO-251AA)
Added Component: Designator=Q7(SOT23)
Added Component: Designator=R1(AXIAL-0.4)
Added Component: Designator=R2(AXIAL-0.4)
Added Component: Designator=R3(AXIAL-0.4)
Added Component: Designator=R4(AXIAL-0.4)
Added Component: Designator=(JCU-LOGO-1004)
Added Component: Designator=U1(TO-220)
Added Component: Designator=U2(DIP14)
Added Pin To Net: NetName=3V3 Pin=H2-2
Added Pin To Net: NetName=3V3 Pin=H3-1
Added Net: Name=3V3
Added Pin To Net: NetName=5V_VCC Pin=C2-2
Added Pin To Net: NetName=5V_VCC Pin=FRDM?-J9_16
Added Pin To Net: NetName=5V_VCC Pin=H1-5
Added Pin To Net: NetName=5V_VCC Pin=U1-3
Added Pin To Net: NetName=5V_VCC Pin=U2-14
Added Net: Name=5V_VCC
Added Pin To Net: NetName=12V_VCC Pin=C1-2
Added Pin To Net: NetName=12V_VCC Pin=D1-1
Added Pin To Net: NetName=12V_VCC Pin=Q1-3
Added Pin To Net: NetName=12V_VCC Pin=Q2-3
Added Pin To Net: NetName=12V_VCC Pin=R1-2
Added Pin To Net: NetName=12V_VCC Pin=R2-2
Added Pin To Net: NetName=12V_VCC Pin=U1-1
Added Net: Name=12V_VCC
Added Pin To Net: NetName=DIR Pin=FRDM?-J2_2
Added Pin To Net: NetName=DIR Pin=U2-2
Added Pin To Net: NetName=DIR Pin=U2-3
Added Pin To Net: NetName=DIR Pin=U2-11
Added Net: Name=DIR
Added Pin To Net: NetName=EM+ Pin=C3-1
Added Pin To Net: NetName=EM+ Pin=H1-3
Added Pin To Net: NetName=EM+ Pin=R4-2
Added Net: Name=EM+
Added Pin To Net: NetName=EM- Pin=H1-4
Added Net: Name=EM-
Added Pin To Net: NetName=EM Pin=FRDM?-J19_16
Added Pin To Net: NetName=EM Pin=Q7-1
Added Pin To Net: NetName=EM Pin=R3-2
Added Net: Name=EM
Added Pin To Net: NetName=GND Pin=C1-1
Added Pin To Net: NetName=GND Pin=C2-1
Added Pin To Net: NetName=GND Pin=FRDM?-J2_14
Added Pin To Net: NetName=GND Pin=FRDM?-J9_12
Added Pin To Net: NetName=GND Pin=FRDM?-J9_14
Added Pin To Net: NetName=GND Pin=H1-6
Added Pin To Net: NetName=GND Pin=H2-1
Added Pin To Net: NetName=GND Pin=H3-2
Added Pin To Net: NetName=GND Pin=P1-1
Added Pin To Net: NetName=GND Pin=Q3-1
Added Pin To Net: NetName=GND Pin=Q4-1
Added Pin To Net: NetName=GND Pin=Q5-3
Added Pin To Net: NetName=GND Pin=Q6-3
Added Pin To Net: NetName=GND Pin=Q7-2
Added Pin To Net: NetName=GND Pin=R3-1
Added Pin To Net: NetName=GND Pin=U1-2
Added Net: Name=GND
Added Pin To Net: NetName=H1 Pin=Q3-2
Added Pin To Net: NetName=H1 Pin=U2-1
Added Pin To Net: NetName=H1 Pin=U2-5
Added Pin To Net: NetName=H1 Pin=U2-6
Added Pin To Net: NetName=H1 Pin=U2-8
Added Net: Name=H1
Added Pin To Net: NetName=H2 Pin=Q4-2
Added Pin To Net: NetName=H2 Pin=U2-4
Added Net: Name=H2
Added Pin To Net: NetName=HALL_OUTA Pin=FRDM?-J19_14
Added Pin To Net: NetName=HALL_OUTA Pin=H2-3
Added Net: Name=HALL_OUTA
Added Pin To Net: NetName=HALL_OUTB Pin=FRDM?-J19_12
Added Pin To Net: NetName=HALL_OUTB Pin=H2-4
Added Net: Name=HALL_OUTB
Added Pin To Net: NetName=L1 Pin=Q5-1
Added Pin To Net: NetName=L1 Pin=U2-10
Added Net: Name=L1
Added Pin To Net: NetName=L2 Pin=Q6-1
Added Pin To Net: NetName=L2 Pin=U2-13
Added Net: Name=L2
Added Pin To Net: NetName=LHORIZ Pin=FRDM?-J10_4
Added Pin To Net: NetName=LHORIZ Pin=H3-7
Added Net: Name=LHORIZ
Added Pin To Net: NetName=LSWITCH Pin=FRDM?-J19_6
Added Pin To Net: NetName=LSWITCH Pin=H3-8
Added Net: Name=LSWITCH
Added Pin To Net: NetName=LVERT Pin=FRDM?-J10_2
Added Pin To Net: NetName=LVERT Pin=H3-6
Added Net: Name=LVERT
Added Pin To Net: NetName=MOTOR+ Pin=H1-1
Added Pin To Net: NetName=MOTOR+ Pin=Q1-2
Added Pin To Net: NetName=MOTOR+ Pin=Q5-2
Added Net: Name=MOTOR+
Added Pin To Net: NetName=MOTOR- Pin=H1-2
Added Pin To Net: NetName=MOTOR- Pin=Q2-2
Added Pin To Net: NetName=MOTOR- Pin=Q6-2
Added Net: Name=MOTOR-
Added Pin To Net: NetName=NetC3_2 Pin=C3-2
Added Pin To Net: NetName=NetC3_2 Pin=D7-2
Added Pin To Net: NetName=NetC3_2 Pin=Q7-3
Added Net: Name=NetC3_2
Added Pin To Net: NetName=NetD1_2 Pin=D1-2
Added Pin To Net: NetName=NetD1_2 Pin=P1-2
Added Net: Name=NetD1_2
Added Pin To Net: NetName=NetD7_1 Pin=D7-1
Added Pin To Net: NetName=NetD7_1 Pin=R4-1
Added Net: Name=NetD7_1
Added Pin To Net: NetName=NetF1_1 Pin=F1-1
Added Pin To Net: NetName=NetF1_1 Pin=FRDM?-J9_4
Added Pin To Net: NetName=NetF1_1 Pin=FRDM?-J9_8
Added Net: Name=NetF1_1
Added Pin To Net: NetName=NetQ1_1 Pin=Q1-1
Added Pin To Net: NetName=NetQ1_1 Pin=Q3-3
Added Pin To Net: NetName=NetQ1_1 Pin=R1-1
Added Net: Name=NetQ1_1
Added Pin To Net: NetName=NetQ2_1 Pin=Q2-1
Added Pin To Net: NetName=NetQ2_1 Pin=Q4-3
Added Pin To Net: NetName=NetQ2_1 Pin=R2-1
Added Net: Name=NetQ2_1
Added Pin To Net: NetName=PWM Pin=FRDM?-J2_4
Added Pin To Net: NetName=PWM Pin=U2-9
Added Pin To Net: NetName=PWM Pin=U2-12
Added Net: Name=PWM
Added Pin To Net: NetName=RHORIZ Pin=FRDM?-J10_8
Added Pin To Net: NetName=RHORIZ Pin=H3-4
Added Net: Name=RHORIZ
Added Pin To Net: NetName=RSWITCH Pin=FRDM?-J19_8
Added Pin To Net: NetName=RSWITCH Pin=H3-5
Added Net: Name=RSWITCH
Added Pin To Net: NetName=RVERT Pin=FRDM?-J10_6
Added Pin To Net: NetName=RVERT Pin=H3-3
Added Net: Name=RVERT
Added Pin To Net: NetName=SERVO1 Pin=FRDM?-J10_12
Added Pin To Net: NetName=SERVO1 Pin=H1-7
Added Net: Name=SERVO1
Added Pin To Net: NetName=SERVO2 Pin=FRDM?-J10_10
Added Pin To Net: NetName=SERVO2 Pin=H1-8
Added Net: Name=SERVO2
Added Class: Name=Schematics
Added Room: Name=Schematics
