Change component parameters: Designator = "H1"; Footprint = "HDR1X8"; UniqueID = "\OGTTQFLH"
Change component parameters. Clean all parameters for all variants
Change component parameters (AddParameter): Name = "LatestRevisionDate"; Value = "17-Jul-2002"; VariantName = "[No Variations]"
Change component parameters (AddParameter): Name = "LatestRevisionNote"; Value = "Re-released for DXP Platform."; VariantName = "[No Variations]"
Change component parameters (AddParameter): Name = "Publisher"; Value = "Altium Limited"; VariantName = "[No Variations]"
Change component parameters: Designator = "H2"; Footprint = "HDR1X8"; UniqueID = "\IFGIXLGR"
Change component parameters. Clean all parameters for all variants
Change component parameters (AddParameter): Name = "LatestRevisionDate"; Value = "17-Jul-2002"; VariantName = "[No Variations]"
Change component parameters (AddParameter): Name = "LatestRevisionNote"; Value = "Re-released for DXP Platform."; VariantName = "[No Variations]"
Change component parameters (AddParameter): Name = "Publisher"; Value = "Altium Limited"; VariantName = "[No Variations]"
Change component parameters: Designator = "H3"; Footprint = "HDR1X8"; UniqueID = "\JMMQNDSM"
Change component parameters. Clean all parameters for all variants
Change component parameters (AddParameter): Name = "LatestRevisionDate"; Value = "17-Jul-2002"; VariantName = "[No Variations]"
Change component parameters (AddParameter): Name = "LatestRevisionNote"; Value = "Re-released for DXP Platform."; VariantName = "[No Variations]"
Change component parameters (AddParameter): Name = "Publisher"; Value = "Altium Limited"; VariantName = "[No Variations]"
Change component parameters: Designator = "P1"; Footprint = "HDR1X2"; UniqueID = "\FGTWIUSV"
Change component parameters. Clean all parameters for all variants
Change component parameters (AddParameter): Name = "LatestRevisionDate"; Value = "17-Jul-2002"; VariantName = "[No Variations]"
Change component parameters (AddParameter): Name = "LatestRevisionNote"; Value = "Re-released for DXP Platform."; VariantName = "[No Variations]"
Change component parameters (AddParameter): Name = "Publisher"; Value = "Altium Limited"; VariantName = "[No Variations]"
Change component parameters: Designator = "R4"; Footprint = "AXIAL-0.4"; UniqueID = "\CWPBIVAY"
Change component parameters. Clean all parameters for all variants
Change component parameters (AddParameter): Name = "LatestRevisionDate"; Value = "17-Jul-2002"; VariantName = "[No Variations]"
Change component parameters (AddParameter): Name = "LatestRevisionNote"; Value = "Re-released for DXP Platform."; VariantName = "[No Variations]"
Change component parameters (AddParameter): Name = "PackageDescription"; Value = "Axial Device, Thru-Hole; 2 Leads; 0.4 in Pin Spacing"; VariantName = "[No Variations]"
Change component parameters (AddParameter): Name = "PackageReference"; Value = "AXIAL-0.4"; VariantName = "[No Variations]"
Change component parameters (AddParameter): Name = "Published"; Value = "8-Jun-2000"; VariantName = "[No Variations]"
Change component parameters (AddParameter): Name = "Publisher"; Value = "Altium Limited"; VariantName = "[No Variations]"
Change component parameters: Designator = "C1"; Footprint = "RAD-0.3"; UniqueID = "\ILXRCSSK"
Change component parameters. Clean all parameters for all variants
Change component parameters (AddParameter): Name = "LatestRevisionDate"; Value = "17-Jul-2002"; VariantName = "[No Variations]"
Change component parameters (AddParameter): Name = "LatestRevisionNote"; Value = "Re-released for DXP Platform."; VariantName = "[No Variations]"
Change component parameters (AddParameter): Name = "PackageDescription"; Value = "Radial Cap, Thru-Hole; 2 Leads; 0.3 in Pin Spacing"; VariantName = "[No Variations]"
Change component parameters (AddParameter): Name = "PackageReference"; Value = "RAD-0.3"; VariantName = "[No Variations]"
Change component parameters (AddParameter): Name = "Published"; Value = "8-Jun-2000"; VariantName = "[No Variations]"
Change component parameters (AddParameter): Name = "Publisher"; Value = "Altium Limited"; VariantName = "[No Variations]"
Change component parameters (AddParameter): Name = "Value"; Value = "0.33u"; VariantName = "[No Variations]"
Change component parameters: Designator = "C2"; Footprint = "RAD-0.3"; UniqueID = "\UJNSIELG"
Change component parameters. Clean all parameters for all variants
Change component parameters (AddParameter): Name = "LatestRevisionDate"; Value = "17-Jul-2002"; VariantName = "[No Variations]"
Change component parameters (AddParameter): Name = "LatestRevisionNote"; Value = "Re-released for DXP Platform."; VariantName = "[No Variations]"
Change component parameters (AddParameter): Name = "PackageDescription"; Value = "Radial Cap, Thru-Hole; 2 Leads; 0.3 in Pin Spacing"; VariantName = "[No Variations]"
Change component parameters (AddParameter): Name = "PackageReference"; Value = "RAD-0.3"; VariantName = "[No Variations]"
Change component parameters (AddParameter): Name = "Published"; Value = "8-Jun-2000"; VariantName = "[No Variations]"
Change component parameters (AddParameter): Name = "Publisher"; Value = "Altium Limited"; VariantName = "[No Variations]"
Change component parameters (AddParameter): Name = "Value"; Value = "0.1uF"; VariantName = "[No Variations]"
Change component parameters: Designator = "C3"; Footprint = "RAD-0.3"; UniqueID = "\EWXPCRDY"
Change component parameters. Clean all parameters for all variants
Change component parameters (AddParameter): Name = "LatestRevisionDate"; Value = "17-Jul-2002"; VariantName = "[No Variations]"
Change component parameters (AddParameter): Name = "LatestRevisionNote"; Value = "Re-released for DXP Platform."; VariantName = "[No Variations]"
Change component parameters (AddParameter): Name = "PackageDescription"; Value = "Radial Cap, Thru-Hole; 2 Leads; 0.3 in Pin Spacing"; VariantName = "[No Variations]"
Change component parameters (AddParameter): Name = "PackageReference"; Value = "RAD-0.3"; VariantName = "[No Variations]"
Change component parameters (AddParameter): Name = "Published"; Value = "8-Jun-2000"; VariantName = "[No Variations]"
Change component parameters (AddParameter): Name = "Publisher"; Value = "Altium Limited"; VariantName = "[No Variations]"
Change component parameters (AddParameter): Name = "Value"; Value = "1uF"; VariantName = "[No Variations]"
Change component parameters: Designator = "R1"; Footprint = "AXIAL-0.4"; UniqueID = "\RYTVWSLQ"
Change component parameters. Clean all parameters for all variants
Change component parameters (AddParameter): Name = "LatestRevisionDate"; Value = "17-Jul-2002"; VariantName = "[No Variations]"
Change component parameters (AddParameter): Name = "LatestRevisionNote"; Value = "Re-released for DXP Platform."; VariantName = "[No Variations]"
Change component parameters (AddParameter): Name = "PackageDescription"; Value = "Axial Device, Thru-Hole; 2 Leads; 0.4 in Pin Spacing"; VariantName = "[No Variations]"
Change component parameters (AddParameter): Name = "PackageReference"; Value = "AXIAL-0.4"; VariantName = "[No Variations]"
Change component parameters (AddParameter): Name = "Published"; Value = "8-Jun-2000"; VariantName = "[No Variations]"
Change component parameters (AddParameter): Name = "Publisher"; Value = "Altium Limited"; VariantName = "[No Variations]"
Change component parameters (AddParameter): Name = "Value"; Value = "4K7"; VariantName = "[No Variations]"
Change component parameters: Designator = "R2"; Footprint = "AXIAL-0.4"; UniqueID = "\LDOKWWPJ"
Change component parameters. Clean all parameters for all variants
Change component parameters (AddParameter): Name = "LatestRevisionDate"; Value = "17-Jul-2002"; VariantName = "[No Variations]"
Change component parameters (AddParameter): Name = "LatestRevisionNote"; Value = "Re-released for DXP Platform."; VariantName = "[No Variations]"
Change component parameters (AddParameter): Name = "PackageDescription"; Value = "Axial Device, Thru-Hole; 2 Leads; 0.4 in Pin Spacing"; VariantName = "[No Variations]"
Change component parameters (AddParameter): Name = "PackageReference"; Value = "AXIAL-0.4"; VariantName = "[No Variations]"
Change component parameters (AddParameter): Name = "Published"; Value = "8-Jun-2000"; VariantName = "[No Variations]"
Change component parameters (AddParameter): Name = "Publisher"; Value = "Altium Limited"; VariantName = "[No Variations]"
Change component parameters (AddParameter): Name = "Value"; Value = "4K7"; VariantName = "[No Variations]"
Change component parameters: Designator = "R3"; Footprint = "AXIAL-0.4"; UniqueID = "\SHGVWUWH"
Change component parameters. Clean all parameters for all variants
Change component parameters (AddParameter): Name = "LatestRevisionDate"; Value = "17-Jul-2002"; VariantName = "[No Variations]"
Change component parameters (AddParameter): Name = "LatestRevisionNote"; Value = "Re-released for DXP Platform."; VariantName = "[No Variations]"
Change component parameters (AddParameter): Name = "PackageDescription"; Value = "Axial Device, Thru-Hole; 2 Leads; 0.4 in Pin Spacing"; VariantName = "[No Variations]"
Change component parameters (AddParameter): Name = "PackageReference"; Value = "AXIAL-0.4"; VariantName = "[No Variations]"
Change component parameters (AddParameter): Name = "Published"; Value = "8-Jun-2000"; VariantName = "[No Variations]"
Change component parameters (AddParameter): Name = "Publisher"; Value = "Altium Limited"; VariantName = "[No Variations]"
Change component parameters (AddParameter): Name = "Value"; Value = "10k"; VariantName = "[No Variations]"
Added Component: Designator=F1(Fuse-1210)
Add component. Clean all parameters for all variants
Added Component: Designator=(JCU-LOGO-1004)
Add component. Clean all parameters for all variants
Added Pin To Net: NetName=NetF1_1 Pin=F1-1
Added Pin To Net: NetName=GND Pin=H2-1
Added Pin To Net: NetName=3V3 Pin=H2-2
Added Pin To Net: NetName=3V3 Pin=H3-1
Added Net: Name=3V3
Added Pin To Net: NetName=EM- Pin=H1-4
Added Net: Name=EM-
Added Pin To Net: NetName=H2 Pin=Q4-2
Added Pin To Net: NetName=H2 Pin=U2-4
Added Net: Name=H2
Added Pin To Net: NetName=Hall_OutA Pin=FRDM?-J19_14
Added Pin To Net: NetName=Hall_OutA Pin=H2-3
Added Net: Name=Hall_OutA
Added Pin To Net: NetName=Hall_OutB Pin=FRDM?-J19_12
Added Pin To Net: NetName=Hall_OutB Pin=H2-4
Added Net: Name=Hall_OutB
Added Pin To Net: NetName=L1 Pin=Q5-1
Added Pin To Net: NetName=L1 Pin=U2-10
Added Net: Name=L1
Added Pin To Net: NetName=L2 Pin=Q6-1
Added Pin To Net: NetName=L2 Pin=U2-13
Added Net: Name=L2
Added Pin To Net: NetName=LHoriz Pin=FRDM?-J10_4
Added Pin To Net: NetName=LHoriz Pin=H3-7
Added Net: Name=LHoriz
Added Pin To Net: NetName=LSwitch Pin=FRDM?-J19_6
Added Pin To Net: NetName=LSwitch Pin=H3-8
Added Net: Name=LSwitch
Added Pin To Net: NetName=LVert Pin=FRDM?-J10_2
Added Pin To Net: NetName=LVert Pin=H3-6
Added Net: Name=LVert
Added Pin To Net: NetName=RHoriz Pin=FRDM?-J10_8
Added Pin To Net: NetName=RHoriz Pin=H3-4
Added Net: Name=RHoriz
Added Pin To Net: NetName=RSwitch Pin=FRDM?-J19_8
Added Pin To Net: NetName=RSwitch Pin=H3-5
Added Net: Name=RSwitch
Added Pin To Net: NetName=RVert Pin=FRDM?-J10_6
Added Pin To Net: NetName=RVert Pin=H3-3
Added Net: Name=RVert
Added Pin To Net: NetName=Servo1 Pin=FRDM?-J10_12
Added Pin To Net: NetName=Servo1 Pin=H1-7
Added Net: Name=Servo1
Added Pin To Net: NetName=Servo2 Pin=FRDM?-J10_10
Added Pin To Net: NetName=Servo2 Pin=H1-8
Added Net: Name=Servo2
Added Member To Class: ClassName=Schematics Member=Component F1 1210L050YR
Added Member To Class: ClassName=Schematics Member=Component FRDM? FRDM-K20D50M-SINGLE
Added Member To Class: ClassName=Schematics Member=Component  JCU-LOGO
Added Room: Name=Schematics
