Remove Pin=D1-1 From Net=12V_VCC
Remove Pin=FRDM?-J2_2 From Net=DIR
Remove Pin=FRDM?-J2_4 From Net=PWM
Remove Pin=FRDM?-J9_16 From Net=5V_VCC
Remove Pin=FRDM?-J10_2 From Net=LVERT
Remove Pin=FRDM?-J10_4 From Net=LHORIZ
Remove Pin=FRDM?-J10_6 From Net=RVERT
Remove Pin=FRDM?-J10_8 From Net=RHORIZ
Remove Pin=FRDM?-J10_10 From Net=SERVO2
Remove Pin=FRDM?-J10_12 From Net=SERVO1
Remove Pin=FRDM?-J19_6 From Net=LSWITCH
Remove Pin=FRDM?-J19_8 From Net=RSWITCH
Remove Pin=FRDM?-J19_12 From Net=HALL_OUTB
Remove Pin=FRDM?-J19_14 From Net=HALL_OUTA
Remove Pin=FRDM?-J19_16 From Net=EM
Remove Pin=H1-1 From Net=MOTOR+
Remove Pin=H1-2 From Net=MOTOR-
Remove Pin=H1-3 From Net=EM+
Remove Pin=H1-4 From Net=EM-
Remove Pin=H1-5 From Net=5V_VCC
Remove Pin=H1-6 From Net=GND
Remove Pin=H1-7 From Net=SERVO1
Remove Pin=H1-8 From Net=SERVO2
Remove Pin=H2-1 From Net=GND
Remove Pin=H2-2 From Net=3V3
Remove Pin=H2-3 From Net=HALL_OUTA
Remove Pin=H2-4 From Net=HALL_OUTB
Remove Pin=H3-1 From Net=3V3
Remove Pin=H3-2 From Net=GND
Remove Pin=H3-3 From Net=RVERT
Remove Pin=H3-4 From Net=RHORIZ
Remove Pin=H3-5 From Net=RSWITCH
Remove Pin=H3-6 From Net=LVERT
Remove Pin=H3-7 From Net=LHORIZ
Remove Pin=H3-8 From Net=LSWITCH
Remove Pin=Q3-2 From Net=H1
Remove Pin=Q4-2 From Net=H2
Remove Pin=Q5-1 From Net=L1
Remove Pin=Q6-1 From Net=L2
Remove Pin=U2B-4 From Net=H2
Remove Pin=U2C-10 From Net=L1
Remove Pin=U2D-11 From Net=DIR
Remove Pin=U2D-13 From Net=L2
Remove Pin=U2E-14 From Net=5V_VCC
